CRITICAL - 2024-04-28 18:44:28 --> TypeError: date(): Argument #2 ($timestamp) must be of type ?int, string given
[Method: POST, Route: update_r]
in APPPATH\Controllers\Residentes.php on line 89.
 1 APPPATH\Controllers\Residentes.php(89): date('Y-m-d H:i:s', '2024-04-28 12:40:00')
 2 SYSTEMPATH\CodeIgniter.php(933): App\Controllers\Residentes->update_r()
 3 SYSTEMPATH\CodeIgniter.php(509): CodeIgniter\CodeIgniter->runController(Object(App\Controllers\Residentes))
 4 SYSTEMPATH\CodeIgniter.php(355): CodeIgniter\CodeIgniter->handleRequest(null, Object(Config\Cache), false)
 5 SYSTEMPATH\Boot.php(312): CodeIgniter\CodeIgniter->run()
 6 SYSTEMPATH\Boot.php(67): CodeIgniter\Boot::runCodeIgniter(Object(CodeIgniter\CodeIgniter))
 7 FCPATH\index.php(56): CodeIgniter\Boot::bootWeb(Object(Config\Paths))
CRITICAL - 2024-04-28 18:47:33 --> TypeError: date(): Argument #2 ($timestamp) must be of type ?int, string given
[Method: POST, Route: update_r]
in APPPATH\Controllers\Residentes.php on line 89.
 1 APPPATH\Controllers\Residentes.php(89): date('Y-m-d H:i:s', '2024-04-28 12:40:00')
 2 SYSTEMPATH\CodeIgniter.php(933): App\Controllers\Residentes->update_r()
 3 SYSTEMPATH\CodeIgniter.php(509): CodeIgniter\CodeIgniter->runController(Object(App\Controllers\Residentes))
 4 SYSTEMPATH\CodeIgniter.php(355): CodeIgniter\CodeIgniter->handleRequest(null, Object(Config\Cache), false)
 5 SYSTEMPATH\Boot.php(312): CodeIgniter\CodeIgniter->run()
 6 SYSTEMPATH\Boot.php(67): CodeIgniter\Boot::runCodeIgniter(Object(CodeIgniter\CodeIgniter))
 7 FCPATH\index.php(56): CodeIgniter\Boot::bootWeb(Object(Config\Paths))
CRITICAL - 2024-04-28 18:48:04 --> TypeError: date(): Argument #2 ($timestamp) must be of type ?int, string given
[Method: POST, Route: update_r]
in APPPATH\Controllers\Residentes.php on line 89.
 1 APPPATH\Controllers\Residentes.php(89): date('Y-m-d H:i:s', '2024-04-28 12:40:00')
 2 SYSTEMPATH\CodeIgniter.php(933): App\Controllers\Residentes->update_r()
 3 SYSTEMPATH\CodeIgniter.php(509): CodeIgniter\CodeIgniter->runController(Object(App\Controllers\Residentes))
 4 SYSTEMPATH\CodeIgniter.php(355): CodeIgniter\CodeIgniter->handleRequest(null, Object(Config\Cache), false)
 5 SYSTEMPATH\Boot.php(312): CodeIgniter\CodeIgniter->run()
 6 SYSTEMPATH\Boot.php(67): CodeIgniter\Boot::runCodeIgniter(Object(CodeIgniter\CodeIgniter))
 7 FCPATH\index.php(56): CodeIgniter\Boot::bootWeb(Object(Config\Paths))
CRITICAL - 2024-04-28 18:50:08 --> TypeError: date(): Argument #2 ($timestamp) must be of type ?int, string given
[Method: POST, Route: update_r]
in APPPATH\Controllers\Residentes.php on line 89.
 1 APPPATH\Controllers\Residentes.php(89): date('Y-m-d H:i:s', '2024-04-28 12:40:00')
 2 SYSTEMPATH\CodeIgniter.php(933): App\Controllers\Residentes->update_r()
 3 SYSTEMPATH\CodeIgniter.php(509): CodeIgniter\CodeIgniter->runController(Object(App\Controllers\Residentes))
 4 SYSTEMPATH\CodeIgniter.php(355): CodeIgniter\CodeIgniter->handleRequest(null, Object(Config\Cache), false)
 5 SYSTEMPATH\Boot.php(312): CodeIgniter\CodeIgniter->run()
 6 SYSTEMPATH\Boot.php(67): CodeIgniter\Boot::runCodeIgniter(Object(CodeIgniter\CodeIgniter))
 7 FCPATH\index.php(56): CodeIgniter\Boot::bootWeb(Object(Config\Paths))
