CRITICAL - 2024-04-26 02:21:59 --> ErrorException: Undefined array key "id_c"
[Method: GET, Route: carros_r/10]
in APPPATH\Views\pagResidentes\carrosResidentes.php on line 169.
 1 APPPATH\Views\pagResidentes\carrosResidentes.php(169): CodeIgniter\Debug\Exceptions->errorHandler(2, 'Undefined array key "id_c"', 'C:\\xampp\\htdocs\\sca\\app\\Views\\pagResidentes\\carrosResidentes.php', 169)
 2 SYSTEMPATH\View\View.php(234): include('C:\\xampp\\htdocs\\sca\\app\\Views\\pagResidentes\\carrosResidentes.php')
 3 SYSTEMPATH\View\View.php(237): CodeIgniter\View\View->CodeIgniter\View\{closure}()
 4 SYSTEMPATH\Common.php(1171): CodeIgniter\View\View->render('pagResidentes/carrosResidentes', [], true)
 5 APPPATH\Controllers\Residentes.php(109): view('pagResidentes/carrosResidentes', [...])
 6 SYSTEMPATH\CodeIgniter.php(933): App\Controllers\Residentes->carros_r('10')
 7 SYSTEMPATH\CodeIgniter.php(509): CodeIgniter\CodeIgniter->runController(Object(App\Controllers\Residentes))
 8 SYSTEMPATH\CodeIgniter.php(355): CodeIgniter\CodeIgniter->handleRequest(null, Object(Config\Cache), false)
 9 SYSTEMPATH\Boot.php(312): CodeIgniter\CodeIgniter->run()
10 SYSTEMPATH\Boot.php(67): CodeIgniter\Boot::runCodeIgniter(Object(CodeIgniter\CodeIgniter))
11 FCPATH\index.php(56): CodeIgniter\Boot::bootWeb(Object(Config\Paths))
CRITICAL - 2024-04-26 02:27:53 --> CodeIgniter\Database\Exceptions\DataException: There is no data to update.
[Method: POST, Route: update_c]
in SYSTEMPATH\BaseModel.php on line 1833.
 1 SYSTEMPATH\BaseModel.php(1833): CodeIgniter\Database\Exceptions\DataException::forEmptyDataset('update')
 2 SYSTEMPATH\BaseModel.php(997): CodeIgniter\BaseModel->transformDataToArray(null, 'update')
 3 SYSTEMPATH\Model.php(854): CodeIgniter\BaseModel->update([...], null)
 4 APPPATH\Controllers\Residentes.php(148): CodeIgniter\Model->update([...])
 5 SYSTEMPATH\CodeIgniter.php(933): App\Controllers\Residentes->update_c()
 6 SYSTEMPATH\CodeIgniter.php(509): CodeIgniter\CodeIgniter->runController(Object(App\Controllers\Residentes))
 7 SYSTEMPATH\CodeIgniter.php(355): CodeIgniter\CodeIgniter->handleRequest(null, Object(Config\Cache), false)
 8 SYSTEMPATH\Boot.php(312): CodeIgniter\CodeIgniter->run()
 9 SYSTEMPATH\Boot.php(67): CodeIgniter\Boot::runCodeIgniter(Object(CodeIgniter\CodeIgniter))
10 FCPATH\index.php(56): CodeIgniter\Boot::bootWeb(Object(Config\Paths))
