CRITICAL - 2024-04-22 19:48:34 --> CodeIgniter\View\Exceptions\ViewException: Invalid file: "pagResidentes/registrarResidentes.php"
[Method: GET, Route: crear_r]
in SYSTEMPATH\Exceptions\FrameworkException.php on line 41.
 1 SYSTEMPATH\View\View.php(222): CodeIgniter\Exceptions\FrameworkException::forInvalidFile('pagResidentes/registrarResidentes.php')
 2 SYSTEMPATH\Common.php(1171): CodeIgniter\View\View->render('pagResidentes/registrarResidentes', [], true)
 3 APPPATH\Controllers\Residentes.php(33): view('pagResidentes/registrarResidentes', [...])
 4 SYSTEMPATH\CodeIgniter.php(933): App\Controllers\Residentes->crear_r()
 5 SYSTEMPATH\CodeIgniter.php(509): CodeIgniter\CodeIgniter->runController(Object(App\Controllers\Residentes))
 6 SYSTEMPATH\CodeIgniter.php(355): CodeIgniter\CodeIgniter->handleRequest(null, Object(Config\Cache), false)
 7 SYSTEMPATH\Boot.php(312): CodeIgniter\CodeIgniter->run()
 8 SYSTEMPATH\Boot.php(67): CodeIgniter\Boot::runCodeIgniter(Object(CodeIgniter\CodeIgniter))
 9 FCPATH\index.php(56): CodeIgniter\Boot::bootWeb(Object(Config\Paths))
CRITICAL - 2024-04-22 21:08:02 --> ErrorException: Undefined variable $header
[Method: GET, Route: crear_r]
in APPPATH\Views\pagResidentes\registrarResidentes1.php on line 1.
 1 APPPATH\Views\pagResidentes\registrarResidentes1.php(1): CodeIgniter\Debug\Exceptions->errorHandler(2, 'Undefined variable $header', 'C:\\xampp\\htdocs\\sca\\app\\Views\\pagResidentes\\registrarResidentes1.php', 1)
 2 SYSTEMPATH\View\View.php(234): include('C:\\xampp\\htdocs\\sca\\app\\Views\\pagResidentes\\registrarResidentes1.php')
 3 SYSTEMPATH\View\View.php(237): CodeIgniter\View\View->CodeIgniter\View\{closure}()
 4 SYSTEMPATH\Common.php(1171): CodeIgniter\View\View->render('pagResidentes/registrarResidentes1', [], true)
 5 APPPATH\Controllers\Residentes.php(29): view('pagResidentes/registrarResidentes1')
 6 SYSTEMPATH\CodeIgniter.php(933): App\Controllers\Residentes->crear_r()
 7 SYSTEMPATH\CodeIgniter.php(509): CodeIgniter\CodeIgniter->runController(Object(App\Controllers\Residentes))
 8 SYSTEMPATH\CodeIgniter.php(355): CodeIgniter\CodeIgniter->handleRequest(null, Object(Config\Cache), false)
 9 SYSTEMPATH\Boot.php(312): CodeIgniter\CodeIgniter->run()
10 SYSTEMPATH\Boot.php(67): CodeIgniter\Boot::runCodeIgniter(Object(CodeIgniter\CodeIgniter))
11 FCPATH\index.php(56): CodeIgniter\Boot::bootWeb(Object(Config\Paths))
CRITICAL - 2024-04-22 21:08:35 --> ErrorException: Undefined variable $header
[Method: GET, Route: crear_r]
in APPPATH\Views\pagResidentes\registrarResidentes1.php on line 1.
 1 APPPATH\Views\pagResidentes\registrarResidentes1.php(1): CodeIgniter\Debug\Exceptions->errorHandler(2, 'Undefined variable $header', 'C:\\xampp\\htdocs\\sca\\app\\Views\\pagResidentes\\registrarResidentes1.php', 1)
 2 SYSTEMPATH\View\View.php(234): include('C:\\xampp\\htdocs\\sca\\app\\Views\\pagResidentes\\registrarResidentes1.php')
 3 SYSTEMPATH\View\View.php(237): CodeIgniter\View\View->CodeIgniter\View\{closure}()
 4 SYSTEMPATH\Common.php(1171): CodeIgniter\View\View->render('pagResidentes/registrarResidentes1', [], true)
 5 APPPATH\Controllers\Residentes.php(29): view('pagResidentes/registrarResidentes1')
 6 SYSTEMPATH\CodeIgniter.php(933): App\Controllers\Residentes->crear_r()
 7 SYSTEMPATH\CodeIgniter.php(509): CodeIgniter\CodeIgniter->runController(Object(App\Controllers\Residentes))
 8 SYSTEMPATH\CodeIgniter.php(355): CodeIgniter\CodeIgniter->handleRequest(null, Object(Config\Cache), false)
 9 SYSTEMPATH\Boot.php(312): CodeIgniter\CodeIgniter->run()
10 SYSTEMPATH\Boot.php(67): CodeIgniter\Boot::runCodeIgniter(Object(CodeIgniter\CodeIgniter))
11 FCPATH\index.php(56): CodeIgniter\Boot::bootWeb(Object(Config\Paths))
CRITICAL - 2024-04-22 21:08:39 --> ErrorException: Undefined variable $header
[Method: GET, Route: crear_r]
in APPPATH\Views\pagResidentes\registrarResidentes1.php on line 1.
 1 APPPATH\Views\pagResidentes\registrarResidentes1.php(1): CodeIgniter\Debug\Exceptions->errorHandler(2, 'Undefined variable $header', 'C:\\xampp\\htdocs\\sca\\app\\Views\\pagResidentes\\registrarResidentes1.php', 1)
 2 SYSTEMPATH\View\View.php(234): include('C:\\xampp\\htdocs\\sca\\app\\Views\\pagResidentes\\registrarResidentes1.php')
 3 SYSTEMPATH\View\View.php(237): CodeIgniter\View\View->CodeIgniter\View\{closure}()
 4 SYSTEMPATH\Common.php(1171): CodeIgniter\View\View->render('pagResidentes/registrarResidentes1', [], true)
 5 APPPATH\Controllers\Residentes.php(29): view('pagResidentes/registrarResidentes1')
 6 SYSTEMPATH\CodeIgniter.php(933): App\Controllers\Residentes->crear_r()
 7 SYSTEMPATH\CodeIgniter.php(509): CodeIgniter\CodeIgniter->runController(Object(App\Controllers\Residentes))
 8 SYSTEMPATH\CodeIgniter.php(355): CodeIgniter\CodeIgniter->handleRequest(null, Object(Config\Cache), false)
 9 SYSTEMPATH\Boot.php(312): CodeIgniter\CodeIgniter->run()
10 SYSTEMPATH\Boot.php(67): CodeIgniter\Boot::runCodeIgniter(Object(CodeIgniter\CodeIgniter))
11 FCPATH\index.php(56): CodeIgniter\Boot::bootWeb(Object(Config\Paths))
CRITICAL - 2024-04-22 21:08:44 --> ErrorException: Undefined variable $header
[Method: GET, Route: crear_r]
in APPPATH\Views\pagResidentes\registrarResidentes1.php on line 1.
 1 APPPATH\Views\pagResidentes\registrarResidentes1.php(1): CodeIgniter\Debug\Exceptions->errorHandler(2, 'Undefined variable $header', 'C:\\xampp\\htdocs\\sca\\app\\Views\\pagResidentes\\registrarResidentes1.php', 1)
 2 SYSTEMPATH\View\View.php(234): include('C:\\xampp\\htdocs\\sca\\app\\Views\\pagResidentes\\registrarResidentes1.php')
 3 SYSTEMPATH\View\View.php(237): CodeIgniter\View\View->CodeIgniter\View\{closure}()
 4 SYSTEMPATH\Common.php(1171): CodeIgniter\View\View->render('pagResidentes/registrarResidentes1', [], true)
 5 APPPATH\Controllers\Residentes.php(29): view('pagResidentes/registrarResidentes1')
 6 SYSTEMPATH\CodeIgniter.php(933): App\Controllers\Residentes->crear_r()
 7 SYSTEMPATH\CodeIgniter.php(509): CodeIgniter\CodeIgniter->runController(Object(App\Controllers\Residentes))
 8 SYSTEMPATH\CodeIgniter.php(355): CodeIgniter\CodeIgniter->handleRequest(null, Object(Config\Cache), false)
 9 SYSTEMPATH\Boot.php(312): CodeIgniter\CodeIgniter->run()
10 SYSTEMPATH\Boot.php(67): CodeIgniter\Boot::runCodeIgniter(Object(CodeIgniter\CodeIgniter))
11 FCPATH\index.php(56): CodeIgniter\Boot::bootWeb(Object(Config\Paths))
ERROR - 2024-04-22 22:35:15 --> mysqli_sql_exception: Column 'domicilio' cannot be null in C:\xampp\htdocs\sca\system\Database\MySQLi\Connection.php:308
Stack trace:
#0 C:\xampp\htdocs\sca\system\Database\MySQLi\Connection.php(308): mysqli->query('INSERT INTO `re...', 0)
#1 C:\xampp\htdocs\sca\system\Database\BaseConnection.php(722): CodeIgniter\Database\MySQLi\Connection->execute('INSERT INTO `re...')
#2 C:\xampp\htdocs\sca\system\Database\BaseConnection.php(636): CodeIgniter\Database\BaseConnection->simpleQuery('INSERT INTO `re...')
#3 C:\xampp\htdocs\sca\system\Database\BaseBuilder.php(2325): CodeIgniter\Database\BaseConnection->query('INSERT INTO `re...', Array, false)
#4 C:\xampp\htdocs\sca\system\Model.php(383): CodeIgniter\Database\BaseBuilder->insert()
#5 C:\xampp\htdocs\sca\system\BaseModel.php(840): CodeIgniter\Model->doInsert(Array)
#6 C:\xampp\htdocs\sca\system\Model.php(791): CodeIgniter\BaseModel->insert(Array, true)
#7 C:\xampp\htdocs\sca\app\Controllers\Residentes.php(49): CodeIgniter\Model->insert(Array)
#8 C:\xampp\htdocs\sca\system\CodeIgniter.php(933): App\Controllers\Residentes->guardar_r()
#9 C:\xampp\htdocs\sca\system\CodeIgniter.php(509): CodeIgniter\CodeIgniter->runController(Object(App\Controllers\Residentes))
#10 C:\xampp\htdocs\sca\system\CodeIgniter.php(355): CodeIgniter\CodeIgniter->handleRequest(NULL, Object(Config\Cache), false)
#11 C:\xampp\htdocs\sca\system\Boot.php(312): CodeIgniter\CodeIgniter->run()
#12 C:\xampp\htdocs\sca\system\Boot.php(67): CodeIgniter\Boot::runCodeIgniter(Object(CodeIgniter\CodeIgniter))
#13 C:\xampp\htdocs\sca\public\index.php(56): CodeIgniter\Boot::bootWeb(Object(Config\Paths))
#14 {main}
CRITICAL - 2024-04-22 22:35:15 --> CodeIgniter\Database\Exceptions\DatabaseException: Column 'domicilio' cannot be null
[Method: POST, Route: guardar_r]
in SYSTEMPATH\Database\BaseConnection.php on line 676.
 1 SYSTEMPATH\Database\BaseBuilder.php(2325): CodeIgniter\Database\BaseConnection->query('INSERT INTO `residentes` (`domicilio`, `nombre`, `telefono`, `fechareg_r`) VALUES (:domicilio:, :nombre:, :telefono:, :fechareg_r:)', [...], false)
 2 SYSTEMPATH\Model.php(383): CodeIgniter\Database\BaseBuilder->insert()
 3 SYSTEMPATH\BaseModel.php(840): CodeIgniter\Model->doInsert([...])
 4 SYSTEMPATH\Model.php(791): CodeIgniter\BaseModel->insert([...], true)
 5 APPPATH\Controllers\Residentes.php(49): CodeIgniter\Model->insert([...])
 6 SYSTEMPATH\CodeIgniter.php(933): App\Controllers\Residentes->guardar_r()
 7 SYSTEMPATH\CodeIgniter.php(509): CodeIgniter\CodeIgniter->runController(Object(App\Controllers\Residentes))
 8 SYSTEMPATH\CodeIgniter.php(355): CodeIgniter\CodeIgniter->handleRequest(null, Object(Config\Cache), false)
 9 SYSTEMPATH\Boot.php(312): CodeIgniter\CodeIgniter->run()
10 SYSTEMPATH\Boot.php(67): CodeIgniter\Boot::runCodeIgniter(Object(CodeIgniter\CodeIgniter))
11 FCPATH\index.php(56): CodeIgniter\Boot::bootWeb(Object(Config\Paths))
CRITICAL - 2024-04-22 22:35:15 --> [Caused by] CodeIgniter\Database\Exceptions\DatabaseException: Column 'domicilio' cannot be null
in SYSTEMPATH\Database\MySQLi\Connection.php on line 313.
 1 SYSTEMPATH\Database\BaseConnection.php(722): CodeIgniter\Database\MySQLi\Connection->execute('INSERT INTO `residentes` (`domicilio`, `nombre`, `telefono`, `fechareg_r`) VALUES (NULL, NULL, \'\', \'1970-01-01 00:00:00\')')
 2 SYSTEMPATH\Database\BaseConnection.php(636): CodeIgniter\Database\BaseConnection->simpleQuery('INSERT INTO `residentes` (`domicilio`, `nombre`, `telefono`, `fechareg_r`) VALUES (NULL, NULL, \'\', \'1970-01-01 00:00:00\')')
 3 SYSTEMPATH\Database\BaseBuilder.php(2325): CodeIgniter\Database\BaseConnection->query('INSERT INTO `residentes` (`domicilio`, `nombre`, `telefono`, `fechareg_r`) VALUES (:domicilio:, :nombre:, :telefono:, :fechareg_r:)', [...], false)
 4 SYSTEMPATH\Model.php(383): CodeIgniter\Database\BaseBuilder->insert()
 5 SYSTEMPATH\BaseModel.php(840): CodeIgniter\Model->doInsert([...])
 6 SYSTEMPATH\Model.php(791): CodeIgniter\BaseModel->insert([...], true)
 7 APPPATH\Controllers\Residentes.php(49): CodeIgniter\Model->insert([...])
 8 SYSTEMPATH\CodeIgniter.php(933): App\Controllers\Residentes->guardar_r()
 9 SYSTEMPATH\CodeIgniter.php(509): CodeIgniter\CodeIgniter->runController(Object(App\Controllers\Residentes))
10 SYSTEMPATH\CodeIgniter.php(355): CodeIgniter\CodeIgniter->handleRequest(null, Object(Config\Cache), false)
11 SYSTEMPATH\Boot.php(312): CodeIgniter\CodeIgniter->run()
12 SYSTEMPATH\Boot.php(67): CodeIgniter\Boot::runCodeIgniter(Object(CodeIgniter\CodeIgniter))
13 FCPATH\index.php(56): CodeIgniter\Boot::bootWeb(Object(Config\Paths))
CRITICAL - 2024-04-22 22:35:15 --> [Caused by] mysqli_sql_exception: Column 'domicilio' cannot be null
in SYSTEMPATH\Database\MySQLi\Connection.php on line 308.
 1 SYSTEMPATH\Database\MySQLi\Connection.php(308): mysqli->query('INSERT INTO `residentes` (`domicilio`, `nombre`, `telefono`, `fechareg_r`) VALUES (NULL, NULL, \'\', \'1970-01-01 00:00:00\')', 0)
 2 SYSTEMPATH\Database\BaseConnection.php(722): CodeIgniter\Database\MySQLi\Connection->execute('INSERT INTO `residentes` (`domicilio`, `nombre`, `telefono`, `fechareg_r`) VALUES (NULL, NULL, \'\', \'1970-01-01 00:00:00\')')
 3 SYSTEMPATH\Database\BaseConnection.php(636): CodeIgniter\Database\BaseConnection->simpleQuery('INSERT INTO `residentes` (`domicilio`, `nombre`, `telefono`, `fechareg_r`) VALUES (NULL, NULL, \'\', \'1970-01-01 00:00:00\')')
 4 SYSTEMPATH\Database\BaseBuilder.php(2325): CodeIgniter\Database\BaseConnection->query('INSERT INTO `residentes` (`domicilio`, `nombre`, `telefono`, `fechareg_r`) VALUES (:domicilio:, :nombre:, :telefono:, :fechareg_r:)', [...], false)
 5 SYSTEMPATH\Model.php(383): CodeIgniter\Database\BaseBuilder->insert()
 6 SYSTEMPATH\BaseModel.php(840): CodeIgniter\Model->doInsert([...])
 7 SYSTEMPATH\Model.php(791): CodeIgniter\BaseModel->insert([...], true)
 8 APPPATH\Controllers\Residentes.php(49): CodeIgniter\Model->insert([...])
 9 SYSTEMPATH\CodeIgniter.php(933): App\Controllers\Residentes->guardar_r()
10 SYSTEMPATH\CodeIgniter.php(509): CodeIgniter\CodeIgniter->runController(Object(App\Controllers\Residentes))
11 SYSTEMPATH\CodeIgniter.php(355): CodeIgniter\CodeIgniter->handleRequest(null, Object(Config\Cache), false)
12 SYSTEMPATH\Boot.php(312): CodeIgniter\CodeIgniter->run()
13 SYSTEMPATH\Boot.php(67): CodeIgniter\Boot::runCodeIgniter(Object(CodeIgniter\CodeIgniter))
14 FCPATH\index.php(56): CodeIgniter\Boot::bootWeb(Object(Config\Paths))
ERROR - 2024-04-22 22:36:29 --> mysqli_sql_exception: Column 'domicilio' cannot be null in C:\xampp\htdocs\sca\system\Database\MySQLi\Connection.php:308
Stack trace:
#0 C:\xampp\htdocs\sca\system\Database\MySQLi\Connection.php(308): mysqli->query('INSERT INTO `re...', 0)
#1 C:\xampp\htdocs\sca\system\Database\BaseConnection.php(722): CodeIgniter\Database\MySQLi\Connection->execute('INSERT INTO `re...')
#2 C:\xampp\htdocs\sca\system\Database\BaseConnection.php(636): CodeIgniter\Database\BaseConnection->simpleQuery('INSERT INTO `re...')
#3 C:\xampp\htdocs\sca\system\Database\BaseBuilder.php(2325): CodeIgniter\Database\BaseConnection->query('INSERT INTO `re...', Array, false)
#4 C:\xampp\htdocs\sca\system\Model.php(383): CodeIgniter\Database\BaseBuilder->insert()
#5 C:\xampp\htdocs\sca\system\BaseModel.php(840): CodeIgniter\Model->doInsert(Array)
#6 C:\xampp\htdocs\sca\system\Model.php(791): CodeIgniter\BaseModel->insert(Array, true)
#7 C:\xampp\htdocs\sca\app\Controllers\Residentes.php(49): CodeIgniter\Model->insert(Array)
#8 C:\xampp\htdocs\sca\system\CodeIgniter.php(933): App\Controllers\Residentes->guardar_r()
#9 C:\xampp\htdocs\sca\system\CodeIgniter.php(509): CodeIgniter\CodeIgniter->runController(Object(App\Controllers\Residentes))
#10 C:\xampp\htdocs\sca\system\CodeIgniter.php(355): CodeIgniter\CodeIgniter->handleRequest(NULL, Object(Config\Cache), false)
#11 C:\xampp\htdocs\sca\system\Boot.php(312): CodeIgniter\CodeIgniter->run()
#12 C:\xampp\htdocs\sca\system\Boot.php(67): CodeIgniter\Boot::runCodeIgniter(Object(CodeIgniter\CodeIgniter))
#13 C:\xampp\htdocs\sca\public\index.php(56): CodeIgniter\Boot::bootWeb(Object(Config\Paths))
#14 {main}
CRITICAL - 2024-04-22 22:36:29 --> CodeIgniter\Database\Exceptions\DatabaseException: Column 'domicilio' cannot be null
[Method: POST, Route: guardar_r]
in SYSTEMPATH\Database\BaseConnection.php on line 676.
 1 SYSTEMPATH\Database\BaseBuilder.php(2325): CodeIgniter\Database\BaseConnection->query('INSERT INTO `residentes` (`domicilio`, `nombre`, `telefono`, `fechareg_r`) VALUES (:domicilio:, :nombre:, :telefono:, :fechareg_r:)', [...], false)
 2 SYSTEMPATH\Model.php(383): CodeIgniter\Database\BaseBuilder->insert()
 3 SYSTEMPATH\BaseModel.php(840): CodeIgniter\Model->doInsert([...])
 4 SYSTEMPATH\Model.php(791): CodeIgniter\BaseModel->insert([...], true)
 5 APPPATH\Controllers\Residentes.php(49): CodeIgniter\Model->insert([...])
 6 SYSTEMPATH\CodeIgniter.php(933): App\Controllers\Residentes->guardar_r()
 7 SYSTEMPATH\CodeIgniter.php(509): CodeIgniter\CodeIgniter->runController(Object(App\Controllers\Residentes))
 8 SYSTEMPATH\CodeIgniter.php(355): CodeIgniter\CodeIgniter->handleRequest(null, Object(Config\Cache), false)
 9 SYSTEMPATH\Boot.php(312): CodeIgniter\CodeIgniter->run()
10 SYSTEMPATH\Boot.php(67): CodeIgniter\Boot::runCodeIgniter(Object(CodeIgniter\CodeIgniter))
11 FCPATH\index.php(56): CodeIgniter\Boot::bootWeb(Object(Config\Paths))
CRITICAL - 2024-04-22 22:36:29 --> [Caused by] CodeIgniter\Database\Exceptions\DatabaseException: Column 'domicilio' cannot be null
in SYSTEMPATH\Database\MySQLi\Connection.php on line 313.
 1 SYSTEMPATH\Database\BaseConnection.php(722): CodeIgniter\Database\MySQLi\Connection->execute('INSERT INTO `residentes` (`domicilio`, `nombre`, `telefono`, `fechareg_r`) VALUES (NULL, NULL, \'\', \'1970-01-01 00:00:00\')')
 2 SYSTEMPATH\Database\BaseConnection.php(636): CodeIgniter\Database\BaseConnection->simpleQuery('INSERT INTO `residentes` (`domicilio`, `nombre`, `telefono`, `fechareg_r`) VALUES (NULL, NULL, \'\', \'1970-01-01 00:00:00\')')
 3 SYSTEMPATH\Database\BaseBuilder.php(2325): CodeIgniter\Database\BaseConnection->query('INSERT INTO `residentes` (`domicilio`, `nombre`, `telefono`, `fechareg_r`) VALUES (:domicilio:, :nombre:, :telefono:, :fechareg_r:)', [...], false)
 4 SYSTEMPATH\Model.php(383): CodeIgniter\Database\BaseBuilder->insert()
 5 SYSTEMPATH\BaseModel.php(840): CodeIgniter\Model->doInsert([...])
 6 SYSTEMPATH\Model.php(791): CodeIgniter\BaseModel->insert([...], true)
 7 APPPATH\Controllers\Residentes.php(49): CodeIgniter\Model->insert([...])
 8 SYSTEMPATH\CodeIgniter.php(933): App\Controllers\Residentes->guardar_r()
 9 SYSTEMPATH\CodeIgniter.php(509): CodeIgniter\CodeIgniter->runController(Object(App\Controllers\Residentes))
10 SYSTEMPATH\CodeIgniter.php(355): CodeIgniter\CodeIgniter->handleRequest(null, Object(Config\Cache), false)
11 SYSTEMPATH\Boot.php(312): CodeIgniter\CodeIgniter->run()
12 SYSTEMPATH\Boot.php(67): CodeIgniter\Boot::runCodeIgniter(Object(CodeIgniter\CodeIgniter))
13 FCPATH\index.php(56): CodeIgniter\Boot::bootWeb(Object(Config\Paths))
CRITICAL - 2024-04-22 22:36:29 --> [Caused by] mysqli_sql_exception: Column 'domicilio' cannot be null
in SYSTEMPATH\Database\MySQLi\Connection.php on line 308.
 1 SYSTEMPATH\Database\MySQLi\Connection.php(308): mysqli->query('INSERT INTO `residentes` (`domicilio`, `nombre`, `telefono`, `fechareg_r`) VALUES (NULL, NULL, \'\', \'1970-01-01 00:00:00\')', 0)
 2 SYSTEMPATH\Database\BaseConnection.php(722): CodeIgniter\Database\MySQLi\Connection->execute('INSERT INTO `residentes` (`domicilio`, `nombre`, `telefono`, `fechareg_r`) VALUES (NULL, NULL, \'\', \'1970-01-01 00:00:00\')')
 3 SYSTEMPATH\Database\BaseConnection.php(636): CodeIgniter\Database\BaseConnection->simpleQuery('INSERT INTO `residentes` (`domicilio`, `nombre`, `telefono`, `fechareg_r`) VALUES (NULL, NULL, \'\', \'1970-01-01 00:00:00\')')
 4 SYSTEMPATH\Database\BaseBuilder.php(2325): CodeIgniter\Database\BaseConnection->query('INSERT INTO `residentes` (`domicilio`, `nombre`, `telefono`, `fechareg_r`) VALUES (:domicilio:, :nombre:, :telefono:, :fechareg_r:)', [...], false)
 5 SYSTEMPATH\Model.php(383): CodeIgniter\Database\BaseBuilder->insert()
 6 SYSTEMPATH\BaseModel.php(840): CodeIgniter\Model->doInsert([...])
 7 SYSTEMPATH\Model.php(791): CodeIgniter\BaseModel->insert([...], true)
 8 APPPATH\Controllers\Residentes.php(49): CodeIgniter\Model->insert([...])
 9 SYSTEMPATH\CodeIgniter.php(933): App\Controllers\Residentes->guardar_r()
10 SYSTEMPATH\CodeIgniter.php(509): CodeIgniter\CodeIgniter->runController(Object(App\Controllers\Residentes))
11 SYSTEMPATH\CodeIgniter.php(355): CodeIgniter\CodeIgniter->handleRequest(null, Object(Config\Cache), false)
12 SYSTEMPATH\Boot.php(312): CodeIgniter\CodeIgniter->run()
13 SYSTEMPATH\Boot.php(67): CodeIgniter\Boot::runCodeIgniter(Object(CodeIgniter\CodeIgniter))
14 FCPATH\index.php(56): CodeIgniter\Boot::bootWeb(Object(Config\Paths))
